<?xml version="1.0" encoding="UTF-8"?>
<!-- Generated by org.testng.reporters.JUnitXMLReporter -->
<testsuite ignored="0" hostname="Macooks-MacBook-Pro.local" failures="2" tests="14" name="API Smoke + CRUD Tests" time="12.12" errors="0" timestamp="2025-08-10T00:45:04 EEST">
  <testcase classname="smokeTests.ApiSmokeTest" name="createUser_shouldReturn201_andEchoBody" time="5.514"/>
  <testcase classname="smokeTests.ApiSmokeTest" name="getUsers_shouldReturn200_andList" time="0.196">
    <skipped/>
  </testcase> <!-- getUsers_shouldReturn200_andList -->
  <testcase classname="smokeTests.ApiSmokeTest" name="getUsers_shouldReturn200_andList" time="0.077">
    <failure type="org.opentest4j.AssertionFailedError" message="
Expecting value to be true but was false">
      <![CDATA[org.opentest4j.AssertionFailedError: 
Expecting value to be true but was false
at smokeTests.ApiSmokeTest.getUsers_shouldReturn200_andList(ApiSmokeTest.java:19)
at java.base/java.util.ArrayList.forEach(ArrayList.java:1596)
at java.base/java.util.concurrent.FutureTask.run(FutureTask.java:317)
at java.base/java.util.concurrent.ThreadPoolExecutor.runWorker(ThreadPoolExecutor.java:1144)
at java.base/java.util.concurrent.ThreadPoolExecutor$Worker.run(ThreadPoolExecutor.java:642)
at java.base/java.lang.Thread.run(Thread.java:1583)
... Removed 15 stack frames]]>
    </failure>
  </testcase> <!-- getUsers_shouldReturn200_andList -->
  <testcase classname="smokeTests.JsonPlaceholderCrudTest" name="createPost_POST_201" time="0.458"/>
  <testcase classname="smokeTests.JsonPlaceholderCrudTest" name="deletePost_DELETE_200" time="0.38"/>
  <testcase classname="smokeTests.JsonPlaceholderCrudTest" name="partialUpdatePost_PATCH_200" time="0.14"/>
  <testcase classname="smokeTests.JsonPlaceholderCrudTest" name="readPost_GET_200" time="0.024"/>
  <testcase classname="smokeTests.JsonPlaceholderCrudTest" name="updatePost_PUT_200" time="0.429"/>
  <testcase classname="smokeTests.ReqResCrudTest" name="createUserTest" time="0.23"/>
  <testcase classname="smokeTests.ReqResCrudTest" name="deleteUserTest" time="0.072">
    <skipped/>
  </testcase> <!-- deleteUserTest -->
  <testcase classname="smokeTests.ReqResCrudTest" name="deleteUserTest" time="0.072">
    <failure type="java.lang.AssertionError" message="
Expecting actual:
  401
to be in:
  [204, 200]
">
      <![CDATA[java.lang.AssertionError: 
Expecting actual:
  401
to be in:
  [204, 200]

at smokeTests.ReqResCrudTest.deleteUserTest(ReqResCrudTest.java:52)
at java.base/java.util.ArrayList.forEach(ArrayList.java:1596)
at java.base/java.util.concurrent.FutureTask.run(FutureTask.java:317)
at java.base/java.util.concurrent.ThreadPoolExecutor.runWorker(ThreadPoolExecutor.java:1144)
at java.base/java.util.concurrent.ThreadPoolExecutor$Worker.run(ThreadPoolExecutor.java:642)
at java.base/java.lang.Thread.run(Thread.java:1583)
... Removed 15 stack frames]]>
    </failure>
  </testcase> <!-- deleteUserTest -->
  <testcase classname="smokeTests.ReqResCrudTest" name="partialUpdateUserTest" time="0.077"/>
  <testcase classname="smokeTests.ReqResCrudTest" name="readUserTest" time="0.05"/>
  <testcase classname="smokeTests.ReqResCrudTest" name="updateUserTest" time="0.097"/>
</testsuite> <!-- API Smoke + CRUD Tests -->
